<?xml version="1.0" encoding="UTF-8"?>
<coverage generated="1647459464885" clover="3.2.0">
  <project timestamp="1647459464886" name="All files">
    <metrics statements="52" coveredstatements="43" conditionals="12" coveredconditionals="7" methods="38" coveredmethods="28" elements="102" coveredelements="78" complexity="0" loc="52" ncloc="52" packages="1" files="2" classes="2"/>
    <file name="todo.js" path="/home/ec2-user/environment/todoList_project/lib/todo.js">
      <metrics statements="11" coveredstatements="10" conditionals="2" coveredconditionals="2" methods="6" coveredmethods="5"/>
      <line num="6" count="1" type="stmt"/>
      <line num="7" count="1" type="stmt"/>
      <line num="10" count="54" type="stmt"/>
      <line num="11" count="54" type="stmt"/>
      <line num="15" count="9" type="cond" truecount="2" falsecount="0"/>
      <line num="16" count="9" type="stmt"/>
      <line num="20" count="11" type="stmt"/>
      <line num="24" count="1" type="stmt"/>
      <line num="28" count="21" type="stmt"/>
      <line num="32" count="0" type="stmt"/>
      <line num="36" count="1" type="stmt"/>
    </file>
    <file name="todolist.js" path="/home/ec2-user/environment/todoList_project/lib/todolist.js">
      <metrics statements="41" coveredstatements="33" conditionals="10" coveredconditionals="5" methods="32" coveredmethods="23"/>
      <line num="4" count="1" type="stmt"/>
      <line num="8" count="22" type="stmt"/>
      <line num="9" count="22" type="stmt"/>
      <line num="13" count="65" type="cond" truecount="2" falsecount="0"/>
      <line num="14" count="1" type="stmt"/>
      <line num="16" count="64" type="stmt"/>
      <line num="20" count="32" type="stmt"/>
      <line num="24" count="1" type="stmt"/>
      <line num="28" count="1" type="stmt"/>
      <line num="32" count="8" type="stmt"/>
      <line num="33" count="5" type="stmt"/>
      <line num="37" count="10" type="cond" truecount="2" falsecount="0"/>
      <line num="38" count="4" type="stmt"/>
      <line num="43" count="3" type="stmt"/>
      <line num="47" count="2" type="stmt"/>
      <line num="51" count="4" type="stmt"/>
      <line num="55" count="1" type="stmt"/>
      <line num="59" count="1" type="stmt"/>
      <line num="63" count="2" type="stmt"/>
      <line num="64" count="1" type="stmt"/>
      <line num="68" count="3" type="stmt"/>
      <line num="69" count="9" type="stmt"/>
      <line num="70" count="3" type="stmt"/>
      <line num="74" count="8" type="stmt"/>
      <line num="75" count="22" type="stmt"/>
      <line num="80" count="4" type="stmt"/>
      <line num="81" count="4" type="stmt"/>
      <line num="82" count="10" type="cond" truecount="1" falsecount="1"/>
      <line num="83" count="10" type="stmt"/>
      <line num="86" count="4" type="stmt"/>
      <line num="91" count="0" type="stmt"/>
      <line num="92" count="0" type="cond" truecount="0" falsecount="2"/>
      <line num="94" count="0" type="stmt"/>
      <line num="98" count="0" type="stmt"/>
      <line num="102" count="0" type="stmt"/>
      <line num="106" count="0" type="stmt"/>
      <line num="107" count="0" type="cond" truecount="0" falsecount="2"/>
      <line num="111" count="9" type="stmt"/>
      <line num="115" count="0" type="stmt"/>
      <line num="119" count="7" type="stmt"/>
      <line num="123" count="1" type="stmt"/>
    </file>
  </project>
</coverage>
