{"/home/ec2-user/environment/todoList_project/lib/todo.js": {"path":"/home/ec2-user/environment/todoList_project/lib/todo.js","statementMap":{"0":{"start":{"line":6,"column":23},"end":{"line":6,"column":26}},"1":{"start":{"line":7,"column":25},"end":{"line":7,"column":28}},"2":{"start":{"line":10,"column":4},"end":{"line":10,"column":23}},"3":{"start":{"line":11,"column":4},"end":{"line":11,"column":22}},"4":{"start":{"line":15,"column":17},"end":{"line":15,"column":70}},"5":{"start":{"line":16,"column":4},"end":{"line":16,"column":39}},"6":{"start":{"line":20,"column":4},"end":{"line":20,"column":21}},"7":{"start":{"line":24,"column":4},"end":{"line":24,"column":22}},"8":{"start":{"line":28,"column":4},"end":{"line":28,"column":21}},"9":{"start":{"line":32,"column":4},"end":{"line":32,"column":22}},"10":{"start":{"line":36,"column":0},"end":{"line":36,"column":22}}},"fnMap":{"0":{"name":"(anonymous_0)","decl":{"start":{"line":9,"column":2},"end":{"line":9,"column":3}},"loc":{"start":{"line":9,"column":21},"end":{"line":12,"column":3}},"line":9},"1":{"name":"(anonymous_1)","decl":{"start":{"line":14,"column":2},"end":{"line":14,"column":3}},"loc":{"start":{"line":14,"column":13},"end":{"line":17,"column":3}},"line":14},"2":{"name":"(anonymous_2)","decl":{"start":{"line":19,"column":2},"end":{"line":19,"column":3}},"loc":{"start":{"line":19,"column":13},"end":{"line":21,"column":3}},"line":19},"3":{"name":"(anonymous_3)","decl":{"start":{"line":23,"column":2},"end":{"line":23,"column":3}},"loc":{"start":{"line":23,"column":15},"end":{"line":25,"column":3}},"line":23},"4":{"name":"(anonymous_4)","decl":{"start":{"line":27,"column":2},"end":{"line":27,"column":3}},"loc":{"start":{"line":27,"column":11},"end":{"line":29,"column":3}},"line":27},"5":{"name":"(anonymous_5)","decl":{"start":{"line":31,"column":2},"end":{"line":31,"column":3}},"loc":{"start":{"line":31,"column":13},"end":{"line":33,"column":3}},"line":31}},"branchMap":{"0":{"loc":{"start":{"line":15,"column":17},"end":{"line":15,"column":70}},"type":"cond-expr","locations":[{"start":{"line":15,"column":33},"end":{"line":15,"column":49}},{"start":{"line":15,"column":52},"end":{"line":15,"column":70}}],"line":15}},"s":{"0":1,"1":1,"2":54,"3":54,"4":9,"5":9,"6":11,"7":1,"8":21,"9":0,"10":1},"f":{"0":54,"1":9,"2":11,"3":1,"4":21,"5":0},"b":{"0":[4,5]},"_coverageSchema":"1a1c01bbd47fc00a2c39e90264f33305004495a9","hash":"8e2a36a78750a8959a2a05334abdb2571cad2da1"}
,"/home/ec2-user/environment/todoList_project/lib/todolist.js": {"path":"/home/ec2-user/environment/todoList_project/lib/todolist.js","statementMap":{"0":{"start":{"line":4,"column":13},"end":{"line":4,"column":30}},"1":{"start":{"line":8,"column":4},"end":{"line":8,"column":23}},"2":{"start":{"line":9,"column":4},"end":{"line":9,"column":20}},"3":{"start":{"line":13,"column":4},"end":{"line":15,"column":5}},"4":{"start":{"line":14,"column":6},"end":{"line":14,"column":58}},"5":{"start":{"line":16,"column":4},"end":{"line":16,"column":29}},"6":{"start":{"line":20,"column":4},"end":{"line":20,"column":29}},"7":{"start":{"line":24,"column":4},"end":{"line":24,"column":25}},"8":{"start":{"line":28,"column":4},"end":{"line":28,"column":39}},"9":{"start":{"line":32,"column":4},"end":{"line":32,"column":31}},"10":{"start":{"line":33,"column":4},"end":{"line":33,"column":29}},"11":{"start":{"line":37,"column":4},"end":{"line":39,"column":5}},"12":{"start":{"line":38,"column":6},"end":{"line":38,"column":58}},"13":{"start":{"line":43,"column":4},"end":{"line":43,"column":34}},"14":{"start":{"line":47,"column":4},"end":{"line":47,"column":36}},"15":{"start":{"line":51,"column":4},"end":{"line":51,"column":51}},"16":{"start":{"line":51,"column":36},"end":{"line":51,"column":49}},"17":{"start":{"line":55,"column":4},"end":{"line":55,"column":30}},"18":{"start":{"line":59,"column":4},"end":{"line":59,"column":28}},"19":{"start":{"line":63,"column":4},"end":{"line":63,"column":31}},"20":{"start":{"line":64,"column":4},"end":{"line":64,"column":42}},"21":{"start":{"line":68,"column":17},"end":{"line":68,"column":42}},"22":{"start":{"line":69,"column":15},"end":{"line":69,"column":65}},"23":{"start":{"line":69,"column":38},"end":{"line":69,"column":53}},"24":{"start":{"line":70,"column":4},"end":{"line":70,"column":32}},"25":{"start":{"line":74,"column":4},"end":{"line":76,"column":5}},"26":{"start":{"line":74,"column":21},"end":{"line":74,"column":22}},"27":{"start":{"line":75,"column":6},"end":{"line":75,"column":34}},"28":{"start":{"line":80,"column":19},"end":{"line":80,"column":43}},"29":{"start":{"line":81,"column":4},"end":{"line":85,"column":6}},"30":{"start":{"line":82,"column":6},"end":{"line":84,"column":7}},"31":{"start":{"line":83,"column":8},"end":{"line":83,"column":27}},"32":{"start":{"line":86,"column":4},"end":{"line":86,"column":20}},"33":{"start":{"line":91,"column":4},"end":{"line":93,"column":6}},"34":{"start":{"line":92,"column":6},"end":{"line":92,"column":45}},"35":{"start":{"line":92,"column":32},"end":{"line":92,"column":45}},"36":{"start":{"line":94,"column":4},"end":{"line":94,"column":17}},"37":{"start":{"line":98,"column":4},"end":{"line":98,"column":46}},"38":{"start":{"line":98,"column":31},"end":{"line":98,"column":44}},"39":{"start":{"line":102,"column":4},"end":{"line":102,"column":47}},"40":{"start":{"line":102,"column":31},"end":{"line":102,"column":45}},"41":{"start":{"line":106,"column":15},"end":{"line":106,"column":38}},"42":{"start":{"line":107,"column":4},"end":{"line":107,"column":45}},"43":{"start":{"line":107,"column":29},"end":{"line":107,"column":45}},"44":{"start":{"line":111,"column":4},"end":{"line":111,"column":42}},"45":{"start":{"line":111,"column":25},"end":{"line":111,"column":40}},"46":{"start":{"line":115,"column":4},"end":{"line":115,"column":44}},"47":{"start":{"line":115,"column":25},"end":{"line":115,"column":42}},"48":{"start":{"line":119,"column":4},"end":{"line":119,"column":43}},"49":{"start":{"line":119,"column":31},"end":{"line":119,"column":35}},"50":{"start":{"line":123,"column":0},"end":{"line":123,"column":26}}},"fnMap":{"0":{"name":"(anonymous_0)","decl":{"start":{"line":7,"column":2},"end":{"line":7,"column":3}},"loc":{"start":{"line":7,"column":21},"end":{"line":10,"column":3}},"line":7},"1":{"name":"(anonymous_1)","decl":{"start":{"line":12,"column":2},"end":{"line":12,"column":3}},"loc":{"start":{"line":12,"column":15},"end":{"line":17,"column":3}},"line":12},"2":{"name":"(anonymous_2)","decl":{"start":{"line":19,"column":2},"end":{"line":19,"column":3}},"loc":{"start":{"line":19,"column":9},"end":{"line":21,"column":3}},"line":19},"3":{"name":"(anonymous_3)","decl":{"start":{"line":23,"column":2},"end":{"line":23,"column":3}},"loc":{"start":{"line":23,"column":10},"end":{"line":25,"column":3}},"line":23},"4":{"name":"(anonymous_4)","decl":{"start":{"line":27,"column":2},"end":{"line":27,"column":3}},"loc":{"start":{"line":27,"column":9},"end":{"line":29,"column":3}},"line":27},"5":{"name":"(anonymous_5)","decl":{"start":{"line":31,"column":2},"end":{"line":31,"column":3}},"loc":{"start":{"line":31,"column":16},"end":{"line":34,"column":3}},"line":31},"6":{"name":"(anonymous_6)","decl":{"start":{"line":36,"column":2},"end":{"line":36,"column":3}},"loc":{"start":{"line":36,"column":24},"end":{"line":40,"column":3}},"line":36},"7":{"name":"(anonymous_7)","decl":{"start":{"line":42,"column":2},"end":{"line":42,"column":3}},"loc":{"start":{"line":42,"column":20},"end":{"line":44,"column":3}},"line":42},"8":{"name":"(anonymous_8)","decl":{"start":{"line":46,"column":2},"end":{"line":46,"column":3}},"loc":{"start":{"line":46,"column":22},"end":{"line":48,"column":3}},"line":46},"9":{"name":"(anonymous_9)","decl":{"start":{"line":50,"column":2},"end":{"line":50,"column":3}},"loc":{"start":{"line":50,"column":11},"end":{"line":52,"column":3}},"line":50},"10":{"name":"(anonymous_10)","decl":{"start":{"line":51,"column":28},"end":{"line":51,"column":29}},"loc":{"start":{"line":51,"column":36},"end":{"line":51,"column":49}},"line":51},"11":{"name":"(anonymous_11)","decl":{"start":{"line":54,"column":2},"end":{"line":54,"column":3}},"loc":{"start":{"line":54,"column":10},"end":{"line":56,"column":3}},"line":54},"12":{"name":"(anonymous_12)","decl":{"start":{"line":58,"column":2},"end":{"line":58,"column":3}},"loc":{"start":{"line":58,"column":8},"end":{"line":60,"column":3}},"line":58},"13":{"name":"(anonymous_13)","decl":{"start":{"line":62,"column":2},"end":{"line":62,"column":3}},"loc":{"start":{"line":62,"column":18},"end":{"line":65,"column":3}},"line":62},"14":{"name":"(anonymous_14)","decl":{"start":{"line":67,"column":2},"end":{"line":67,"column":3}},"loc":{"start":{"line":67,"column":13},"end":{"line":71,"column":3}},"line":67},"15":{"name":"(anonymous_15)","decl":{"start":{"line":69,"column":30},"end":{"line":69,"column":31}},"loc":{"start":{"line":69,"column":38},"end":{"line":69,"column":53}},"line":69},"16":{"name":"(anonymous_16)","decl":{"start":{"line":73,"column":2},"end":{"line":73,"column":3}},"loc":{"start":{"line":73,"column":20},"end":{"line":77,"column":3}},"line":73},"17":{"name":"(anonymous_17)","decl":{"start":{"line":79,"column":2},"end":{"line":79,"column":3}},"loc":{"start":{"line":79,"column":19},"end":{"line":87,"column":3}},"line":79},"18":{"name":"(anonymous_18)","decl":{"start":{"line":81,"column":17},"end":{"line":81,"column":18}},"loc":{"start":{"line":81,"column":32},"end":{"line":85,"column":5}},"line":81},"19":{"name":"(anonymous_19)","decl":{"start":{"line":89,"column":2},"end":{"line":89,"column":3}},"loc":{"start":{"line":89,"column":21},"end":{"line":95,"column":3}},"line":89},"20":{"name":"(anonymous_20)","decl":{"start":{"line":91,"column":17},"end":{"line":91,"column":18}},"loc":{"start":{"line":91,"column":32},"end":{"line":93,"column":5}},"line":91},"21":{"name":"(anonymous_21)","decl":{"start":{"line":97,"column":2},"end":{"line":97,"column":3}},"loc":{"start":{"line":97,"column":12},"end":{"line":99,"column":3}},"line":97},"22":{"name":"(anonymous_22)","decl":{"start":{"line":98,"column":23},"end":{"line":98,"column":24}},"loc":{"start":{"line":98,"column":31},"end":{"line":98,"column":44}},"line":98},"23":{"name":"(anonymous_23)","decl":{"start":{"line":101,"column":2},"end":{"line":101,"column":3}},"loc":{"start":{"line":101,"column":15},"end":{"line":103,"column":3}},"line":101},"24":{"name":"(anonymous_24)","decl":{"start":{"line":102,"column":23},"end":{"line":102,"column":24}},"loc":{"start":{"line":102,"column":31},"end":{"line":102,"column":45}},"line":102},"25":{"name":"(anonymous_25)","decl":{"start":{"line":105,"column":2},"end":{"line":105,"column":3}},"loc":{"start":{"line":105,"column":18},"end":{"line":108,"column":3}},"line":105},"26":{"name":"(anonymous_26)","decl":{"start":{"line":110,"column":2},"end":{"line":110,"column":3}},"loc":{"start":{"line":110,"column":16},"end":{"line":112,"column":3}},"line":110},"27":{"name":"(anonymous_27)","decl":{"start":{"line":111,"column":17},"end":{"line":111,"column":18}},"loc":{"start":{"line":111,"column":25},"end":{"line":111,"column":40}},"line":111},"28":{"name":"(anonymous_28)","decl":{"start":{"line":114,"column":2},"end":{"line":114,"column":3}},"loc":{"start":{"line":114,"column":18},"end":{"line":116,"column":3}},"line":114},"29":{"name":"(anonymous_29)","decl":{"start":{"line":115,"column":17},"end":{"line":115,"column":18}},"loc":{"start":{"line":115,"column":25},"end":{"line":115,"column":42}},"line":115},"30":{"name":"(anonymous_30)","decl":{"start":{"line":118,"column":2},"end":{"line":118,"column":3}},"loc":{"start":{"line":118,"column":12},"end":{"line":120,"column":3}},"line":118},"31":{"name":"(anonymous_31)","decl":{"start":{"line":119,"column":23},"end":{"line":119,"column":24}},"loc":{"start":{"line":119,"column":31},"end":{"line":119,"column":35}},"line":119}},"branchMap":{"0":{"loc":{"start":{"line":13,"column":4},"end":{"line":15,"column":5}},"type":"if","locations":[{"start":{"line":13,"column":4},"end":{"line":15,"column":5}},{"start":{},"end":{}}],"line":13},"1":{"loc":{"start":{"line":37,"column":4},"end":{"line":39,"column":5}},"type":"if","locations":[{"start":{"line":37,"column":4},"end":{"line":39,"column":5}},{"start":{},"end":{}}],"line":37},"2":{"loc":{"start":{"line":82,"column":6},"end":{"line":84,"column":7}},"type":"if","locations":[{"start":{"line":82,"column":6},"end":{"line":84,"column":7}},{"start":{},"end":{}}],"line":82},"3":{"loc":{"start":{"line":92,"column":6},"end":{"line":92,"column":45}},"type":"if","locations":[{"start":{"line":92,"column":6},"end":{"line":92,"column":45}},{"start":{},"end":{}}],"line":92},"4":{"loc":{"start":{"line":107,"column":4},"end":{"line":107,"column":45}},"type":"if","locations":[{"start":{"line":107,"column":4},"end":{"line":107,"column":45}},{"start":{},"end":{}}],"line":107}},"s":{"0":1,"1":22,"2":22,"3":65,"4":1,"5":64,"6":32,"7":1,"8":1,"9":8,"10":5,"11":10,"12":4,"13":3,"14":2,"15":2,"16":4,"17":1,"18":1,"19":2,"20":1,"21":3,"22":3,"23":9,"24":3,"25":8,"26":8,"27":22,"28":4,"29":4,"30":10,"31":10,"32":4,"33":0,"34":0,"35":0,"36":0,"37":0,"38":0,"39":0,"40":0,"41":0,"42":0,"43":0,"44":3,"45":9,"46":0,"47":0,"48":3,"49":7,"50":1},"f":{"0":22,"1":65,"2":32,"3":1,"4":1,"5":8,"6":10,"7":3,"8":2,"9":2,"10":4,"11":1,"12":1,"13":2,"14":3,"15":9,"16":8,"17":4,"18":10,"19":0,"20":0,"21":0,"22":0,"23":0,"24":0,"25":0,"26":3,"27":9,"28":0,"29":0,"30":3,"31":7},"b":{"0":[1,64],"1":[4,6],"2":[10,0],"3":[0,0],"4":[0,0]},"_coverageSchema":"1a1c01bbd47fc00a2c39e90264f33305004495a9","hash":"3227ec3a953132cebc75bdce4ed588cb44d98e19"}
}
