TN:
SF:lib/todo.js
FN:9,(anonymous_0)
FN:14,(anonymous_1)
FN:19,(anonymous_2)
FN:23,(anonymous_3)
FN:27,(anonymous_4)
FN:31,(anonymous_5)
FNF:6
FNH:5
FNDA:54,(anonymous_0)
FNDA:9,(anonymous_1)
FNDA:11,(anonymous_2)
FNDA:1,(anonymous_3)
FNDA:21,(anonymous_4)
FNDA:0,(anonymous_5)
DA:6,1
DA:7,1
DA:10,54
DA:11,54
DA:15,9
DA:16,9
DA:20,11
DA:24,1
DA:28,21
DA:32,0
DA:36,1
LF:11
LH:10
BRDA:15,0,0,4
BRDA:15,0,1,5
BRF:2
BRH:2
end_of_record
TN:
SF:lib/todolist.js
FN:7,(anonymous_0)
FN:12,(anonymous_1)
FN:19,(anonymous_2)
FN:23,(anonymous_3)
FN:27,(anonymous_4)
FN:31,(anonymous_5)
FN:36,(anonymous_6)
FN:42,(anonymous_7)
FN:46,(anonymous_8)
FN:50,(anonymous_9)
FN:51,(anonymous_10)
FN:54,(anonymous_11)
FN:58,(anonymous_12)
FN:62,(anonymous_13)
FN:67,(anonymous_14)
FN:69,(anonymous_15)
FN:73,(anonymous_16)
FN:79,(anonymous_17)
FN:81,(anonymous_18)
FN:89,(anonymous_19)
FN:91,(anonymous_20)
FN:97,(anonymous_21)
FN:98,(anonymous_22)
FN:101,(anonymous_23)
FN:102,(anonymous_24)
FN:105,(anonymous_25)
FN:110,(anonymous_26)
FN:111,(anonymous_27)
FN:114,(anonymous_28)
FN:115,(anonymous_29)
FN:118,(anonymous_30)
FN:119,(anonymous_31)
FNF:32
FNH:23
FNDA:22,(anonymous_0)
FNDA:65,(anonymous_1)
FNDA:32,(anonymous_2)
FNDA:1,(anonymous_3)
FNDA:1,(anonymous_4)
FNDA:8,(anonymous_5)
FNDA:10,(anonymous_6)
FNDA:3,(anonymous_7)
FNDA:2,(anonymous_8)
FNDA:2,(anonymous_9)
FNDA:4,(anonymous_10)
FNDA:1,(anonymous_11)
FNDA:1,(anonymous_12)
FNDA:2,(anonymous_13)
FNDA:3,(anonymous_14)
FNDA:9,(anonymous_15)
FNDA:8,(anonymous_16)
FNDA:4,(anonymous_17)
FNDA:10,(anonymous_18)
FNDA:0,(anonymous_19)
FNDA:0,(anonymous_20)
FNDA:0,(anonymous_21)
FNDA:0,(anonymous_22)
FNDA:0,(anonymous_23)
FNDA:0,(anonymous_24)
FNDA:0,(anonymous_25)
FNDA:3,(anonymous_26)
FNDA:9,(anonymous_27)
FNDA:0,(anonymous_28)
FNDA:0,(anonymous_29)
FNDA:3,(anonymous_30)
FNDA:7,(anonymous_31)
DA:4,1
DA:8,22
DA:9,22
DA:13,65
DA:14,1
DA:16,64
DA:20,32
DA:24,1
DA:28,1
DA:32,8
DA:33,5
DA:37,10
DA:38,4
DA:43,3
DA:47,2
DA:51,4
DA:55,1
DA:59,1
DA:63,2
DA:64,1
DA:68,3
DA:69,9
DA:70,3
DA:74,8
DA:75,22
DA:80,4
DA:81,4
DA:82,10
DA:83,10
DA:86,4
DA:91,0
DA:92,0
DA:94,0
DA:98,0
DA:102,0
DA:106,0
DA:107,0
DA:111,9
DA:115,0
DA:119,7
DA:123,1
LF:41
LH:33
BRDA:13,0,0,1
BRDA:13,0,1,64
BRDA:37,1,0,4
BRDA:37,1,1,6
BRDA:82,2,0,10
BRDA:82,2,1,0
BRDA:92,3,0,0
BRDA:92,3,1,0
BRDA:107,4,0,0
BRDA:107,4,1,0
BRF:10
BRH:5
end_of_record
